{"/home/wendel/ProjetosNodeJS/AuthTDD/__tests__/factories.js": {"path":"/home/wendel/ProjetosNodeJS/AuthTDD/__tests__/factories.js","all":false,"statementMap":{"0":{"start":{"line":1,"column":0},"end":{"line":1,"column":45}},"1":{"start":{"line":2,"column":0},"end":{"line":2,"column":44}},"2":{"start":{"line":3,"column":0},"end":{"line":3,"column":46}},"3":{"start":{"line":4,"column":0},"end":{"line":4,"column":0}},"4":{"start":{"line":5,"column":0},"end":{"line":5,"column":30}},"5":{"start":{"line":6,"column":0},"end":{"line":6,"column":32}},"6":{"start":{"line":7,"column":0},"end":{"line":7,"column":34}},"7":{"start":{"line":8,"column":0},"end":{"line":8,"column":39}},"8":{"start":{"line":9,"column":0},"end":{"line":9,"column":3}},"9":{"start":{"line":10,"column":0},"end":{"line":10,"column":0}},"10":{"start":{"line":11,"column":0},"end":{"line":11,"column":25}}},"s":{"0":1,"1":1,"2":1,"3":1,"4":1,"5":1,"6":1,"7":1,"8":1,"9":1,"10":1},"branchMap":{},"b":{},"fnMap":{},"f":{}}
,"/home/wendel/ProjetosNodeJS/AuthTDD/__tests__/utils/truncate.js": {"path":"/home/wendel/ProjetosNodeJS/AuthTDD/__tests__/utils/truncate.js","all":false,"statementMap":{"0":{"start":{"line":1,"column":0},"end":{"line":1,"column":54}},"1":{"start":{"line":2,"column":0},"end":{"line":2,"column":0}},"2":{"start":{"line":3,"column":0},"end":{"line":3,"column":24}},"3":{"start":{"line":4,"column":0},"end":{"line":4,"column":24}},"4":{"start":{"line":5,"column":0},"end":{"line":5,"column":50}},"5":{"start":{"line":6,"column":0},"end":{"line":6,"column":82}},"6":{"start":{"line":7,"column":0},"end":{"line":7,"column":10}},"7":{"start":{"line":8,"column":0},"end":{"line":8,"column":7}},"8":{"start":{"line":9,"column":0},"end":{"line":9,"column":2}}},"s":{"0":1,"1":1,"2":1,"3":7,"4":7,"5":7,"6":7,"7":7,"8":7},"branchMap":{"0":{"type":"branch","line":3,"loc":{"start":{"line":3,"column":17},"end":{"line":9,"column":2}},"locations":[{"start":{"line":3,"column":17},"end":{"line":9,"column":2}}]},"1":{"type":"branch","line":5,"loc":{"start":{"line":5,"column":42},"end":{"line":7,"column":10}},"locations":[{"start":{"line":5,"column":42},"end":{"line":7,"column":10}}]}},"b":{"0":[7],"1":[7]},"fnMap":{"0":{"name":"Object.<anonymous>.module.exports","decl":{"start":{"line":3,"column":17},"end":{"line":9,"column":2}},"loc":{"start":{"line":3,"column":17},"end":{"line":9,"column":2}},"line":3}},"f":{"0":7}}
,"/home/wendel/ProjetosNodeJS/AuthTDD/src/app.js": {"path":"/home/wendel/ProjetosNodeJS/AuthTDD/src/app.js","all":false,"statementMap":{"0":{"start":{"line":1,"column":0},"end":{"line":1,"column":26}},"1":{"start":{"line":2,"column":0},"end":{"line":2,"column":64}},"2":{"start":{"line":3,"column":0},"end":{"line":3,"column":2}},"3":{"start":{"line":4,"column":0},"end":{"line":4,"column":0}},"4":{"start":{"line":5,"column":0},"end":{"line":5,"column":35}},"5":{"start":{"line":6,"column":0},"end":{"line":6,"column":0}},"6":{"start":{"line":7,"column":0},"end":{"line":7,"column":21}},"7":{"start":{"line":8,"column":0},"end":{"line":8,"column":18}},"8":{"start":{"line":9,"column":0},"end":{"line":9,"column":32}},"9":{"start":{"line":10,"column":0},"end":{"line":10,"column":8}},"10":{"start":{"line":11,"column":0},"end":{"line":11,"column":27}},"11":{"start":{"line":12,"column":0},"end":{"line":12,"column":22}},"12":{"start":{"line":13,"column":0},"end":{"line":13,"column":6}},"13":{"start":{"line":14,"column":0},"end":{"line":14,"column":0}},"14":{"start":{"line":15,"column":0},"end":{"line":15,"column":18}},"15":{"start":{"line":16,"column":0},"end":{"line":16,"column":41}},"16":{"start":{"line":17,"column":0},"end":{"line":17,"column":5}},"17":{"start":{"line":18,"column":0},"end":{"line":18,"column":0}},"18":{"start":{"line":19,"column":0},"end":{"line":19,"column":13}},"19":{"start":{"line":20,"column":0},"end":{"line":20,"column":46}},"20":{"start":{"line":21,"column":0},"end":{"line":21,"column":5}},"21":{"start":{"line":22,"column":0},"end":{"line":22,"column":2}},"22":{"start":{"line":23,"column":0},"end":{"line":23,"column":0}},"23":{"start":{"line":24,"column":0},"end":{"line":24,"column":45}}},"s":{"0":1,"1":1,"2":1,"3":1,"4":1,"5":1,"6":1,"7":1,"8":1,"9":1,"10":1,"11":1,"12":1,"13":1,"14":1,"15":1,"16":1,"17":1,"18":1,"19":1,"20":1,"21":1,"22":1,"23":1},"branchMap":{"0":{"type":"branch","line":2,"loc":{"start":{"line":2,"column":10},"end":{"line":2,"column":64}},"locations":[{"start":{"line":2,"column":10},"end":{"line":2,"column":64}}]},"1":{"type":"branch","line":8,"loc":{"start":{"line":8,"column":4},"end":{"line":13,"column":6}},"locations":[{"start":{"line":8,"column":4},"end":{"line":13,"column":6}}]},"2":{"type":"branch","line":15,"loc":{"start":{"line":15,"column":4},"end":{"line":17,"column":5}},"locations":[{"start":{"line":15,"column":4},"end":{"line":17,"column":5}}]},"3":{"type":"branch","line":19,"loc":{"start":{"line":19,"column":4},"end":{"line":21,"column":5}},"locations":[{"start":{"line":19,"column":4},"end":{"line":21,"column":5}}]}},"b":{"0":[0],"1":[1],"2":[1],"3":[1]},"fnMap":{"0":{"name":"AppController","decl":{"start":{"line":8,"column":4},"end":{"line":13,"column":6}},"loc":{"start":{"line":8,"column":4},"end":{"line":13,"column":6}},"line":8},"1":{"name":"middlewares","decl":{"start":{"line":15,"column":4},"end":{"line":17,"column":5}},"loc":{"start":{"line":15,"column":4},"end":{"line":17,"column":5}},"line":15},"2":{"name":"routes","decl":{"start":{"line":19,"column":4},"end":{"line":21,"column":5}},"loc":{"start":{"line":19,"column":4},"end":{"line":21,"column":5}},"line":19}},"f":{"0":1,"1":1,"2":1}}
,"/home/wendel/ProjetosNodeJS/AuthTDD/src/routes.js": {"path":"/home/wendel/ProjetosNodeJS/AuthTDD/src/routes.js","all":false,"statementMap":{"0":{"start":{"line":1,"column":0},"end":{"line":1,"column":43}},"1":{"start":{"line":2,"column":0},"end":{"line":2,"column":0}},"2":{"start":{"line":3,"column":0},"end":{"line":3,"column":55}},"3":{"start":{"line":4,"column":0},"end":{"line":4,"column":0}},"4":{"start":{"line":5,"column":0},"end":{"line":5,"column":72}},"5":{"start":{"line":6,"column":0},"end":{"line":6,"column":0}},"6":{"start":{"line":7,"column":0},"end":{"line":7,"column":49}},"7":{"start":{"line":8,"column":0},"end":{"line":8,"column":0}},"8":{"start":{"line":9,"column":0},"end":{"line":9,"column":27}},"9":{"start":{"line":10,"column":0},"end":{"line":10,"column":0}},"10":{"start":{"line":11,"column":0},"end":{"line":11,"column":40}},"11":{"start":{"line":12,"column":0},"end":{"line":12,"column":33}},"12":{"start":{"line":13,"column":0},"end":{"line":13,"column":2}},"13":{"start":{"line":14,"column":0},"end":{"line":14,"column":0}},"14":{"start":{"line":15,"column":0},"end":{"line":15,"column":24}}},"s":{"0":1,"1":1,"2":1,"3":1,"4":1,"5":1,"6":1,"7":1,"8":1,"9":1,"10":1,"11":1,"12":1,"13":1,"14":1},"branchMap":{"0":{"type":"branch","line":11,"loc":{"start":{"line":11,"column":25},"end":{"line":13,"column":2}},"locations":[{"start":{"line":11,"column":25},"end":{"line":13,"column":2}}]}},"b":{"0":[1]},"fnMap":{},"f":{}}
,"/home/wendel/ProjetosNodeJS/AuthTDD/src/app/controllers/SessionController.js": {"path":"/home/wendel/ProjetosNodeJS/AuthTDD/src/app/controllers/SessionController.js","all":false,"statementMap":{"0":{"start":{"line":1,"column":0},"end":{"line":1,"column":37}},"1":{"start":{"line":2,"column":0},"end":{"line":2,"column":0}},"2":{"start":{"line":3,"column":0},"end":{"line":3,"column":24}},"3":{"start":{"line":4,"column":0},"end":{"line":4,"column":27}},"4":{"start":{"line":5,"column":0},"end":{"line":5,"column":44}},"5":{"start":{"line":6,"column":0},"end":{"line":6,"column":0}},"6":{"start":{"line":7,"column":0},"end":{"line":7,"column":61}},"7":{"start":{"line":8,"column":0},"end":{"line":8,"column":0}},"8":{"start":{"line":9,"column":0},"end":{"line":9,"column":18}},"9":{"start":{"line":10,"column":0},"end":{"line":10,"column":70}},"10":{"start":{"line":11,"column":0},"end":{"line":11,"column":9}},"11":{"start":{"line":12,"column":0},"end":{"line":12,"column":0}},"12":{"start":{"line":13,"column":0},"end":{"line":13,"column":50}},"13":{"start":{"line":14,"column":0},"end":{"line":14,"column":72}},"14":{"start":{"line":15,"column":0},"end":{"line":15,"column":9}},"15":{"start":{"line":16,"column":0},"end":{"line":16,"column":0}},"16":{"start":{"line":17,"column":0},"end":{"line":17,"column":26}},"17":{"start":{"line":18,"column":0},"end":{"line":18,"column":17}},"18":{"start":{"line":19,"column":0},"end":{"line":19,"column":39}},"19":{"start":{"line":20,"column":0},"end":{"line":20,"column":12}},"20":{"start":{"line":21,"column":0},"end":{"line":21,"column":6}},"21":{"start":{"line":22,"column":0},"end":{"line":22,"column":2}},"22":{"start":{"line":23,"column":0},"end":{"line":23,"column":0}},"23":{"start":{"line":24,"column":0},"end":{"line":24,"column":41}}},"s":{"0":1,"1":1,"2":1,"3":1,"4":3,"5":3,"6":3,"7":3,"8":3,"9":0,"10":0,"11":3,"12":3,"13":1,"14":1,"15":3,"16":3,"17":3,"18":3,"19":3,"20":3,"21":1,"22":1,"23":1},"branchMap":{"0":{"type":"branch","line":4,"loc":{"start":{"line":4,"column":15},"end":{"line":21,"column":6}},"locations":[{"start":{"line":4,"column":15},"end":{"line":21,"column":6}}]},"1":{"type":"branch","line":9,"loc":{"start":{"line":9,"column":17},"end":{"line":11,"column":9}},"locations":[{"start":{"line":9,"column":17},"end":{"line":11,"column":9}}]},"2":{"type":"branch","line":13,"loc":{"start":{"line":13,"column":49},"end":{"line":15,"column":9}},"locations":[{"start":{"line":13,"column":49},"end":{"line":15,"column":9}}]}},"b":{"0":[3],"1":[0],"2":[1]},"fnMap":{"0":{"name":"store","decl":{"start":{"line":4,"column":15},"end":{"line":21,"column":6}},"loc":{"start":{"line":4,"column":15},"end":{"line":21,"column":6}},"line":4}},"f":{"0":3}}
,"/home/wendel/ProjetosNodeJS/AuthTDD/src/app/middleware/auth.js": {"path":"/home/wendel/ProjetosNodeJS/AuthTDD/src/app/middleware/auth.js","all":false,"statementMap":{"0":{"start":{"line":1,"column":0},"end":{"line":1,"column":36}},"1":{"start":{"line":2,"column":0},"end":{"line":2,"column":38}},"2":{"start":{"line":3,"column":0},"end":{"line":3,"column":0}},"3":{"start":{"line":4,"column":0},"end":{"line":4,"column":43}},"4":{"start":{"line":5,"column":0},"end":{"line":5,"column":49}},"5":{"start":{"line":6,"column":0},"end":{"line":6,"column":0}},"6":{"start":{"line":7,"column":0},"end":{"line":7,"column":21}},"7":{"start":{"line":8,"column":0},"end":{"line":8,"column":69}},"8":{"start":{"line":9,"column":0},"end":{"line":9,"column":5}},"9":{"start":{"line":10,"column":0},"end":{"line":10,"column":0}},"10":{"start":{"line":11,"column":0},"end":{"line":11,"column":44}},"11":{"start":{"line":12,"column":0},"end":{"line":12,"column":0}},"12":{"start":{"line":13,"column":0},"end":{"line":13,"column":8}},"13":{"start":{"line":14,"column":0},"end":{"line":14,"column":82}},"14":{"start":{"line":15,"column":0},"end":{"line":15,"column":0}},"15":{"start":{"line":16,"column":0},"end":{"line":16,"column":32}},"16":{"start":{"line":17,"column":0},"end":{"line":17,"column":0}},"17":{"start":{"line":18,"column":0},"end":{"line":18,"column":22}},"18":{"start":{"line":19,"column":0},"end":{"line":19,"column":18}},"19":{"start":{"line":20,"column":0},"end":{"line":20,"column":64}},"20":{"start":{"line":21,"column":0},"end":{"line":21,"column":5}},"21":{"start":{"line":22,"column":0},"end":{"line":22,"column":0}},"22":{"start":{"line":23,"column":0},"end":{"line":23,"column":18}},"23":{"start":{"line":24,"column":0},"end":{"line":24,"column":2}}},"s":{"0":1,"1":1,"2":1,"3":1,"4":3,"5":3,"6":3,"7":1,"8":1,"9":3,"10":3,"11":3,"12":3,"13":3,"14":1,"15":1,"16":1,"17":1,"18":1,"19":1,"20":1,"21":0,"22":0,"23":0},"branchMap":{"0":{"type":"branch","line":4,"loc":{"start":{"line":4,"column":16},"end":{"line":24,"column":2}},"locations":[{"start":{"line":4,"column":16},"end":{"line":24,"column":2}}]},"1":{"type":"branch","line":7,"loc":{"start":{"line":7,"column":20},"end":{"line":9,"column":5}},"locations":[{"start":{"line":7,"column":20},"end":{"line":9,"column":5}}]},"2":{"type":"branch","line":14,"loc":{"start":{"line":14,"column":8},"end":{"line":21,"column":5}},"locations":[{"start":{"line":14,"column":8},"end":{"line":21,"column":5}}]},"3":{"type":"branch","line":22,"loc":{"start":{"line":22,"column":-1},"end":{"line":24,"column":2}},"locations":[{"start":{"line":22,"column":-1},"end":{"line":24,"column":2}}]}},"b":{"0":[3],"1":[1],"2":[1],"3":[0]},"fnMap":{"0":{"name":"Object.<anonymous>.module.exports","decl":{"start":{"line":4,"column":16},"end":{"line":24,"column":2}},"loc":{"start":{"line":4,"column":16},"end":{"line":24,"column":2}},"line":4}},"f":{"0":3}}
,"/home/wendel/ProjetosNodeJS/AuthTDD/src/app/models/User.js": {"path":"/home/wendel/ProjetosNodeJS/AuthTDD/src/app/models/User.js","all":false,"statementMap":{"0":{"start":{"line":1,"column":0},"end":{"line":1,"column":34}},"1":{"start":{"line":2,"column":0},"end":{"line":2,"column":35}},"2":{"start":{"line":3,"column":0},"end":{"line":3,"column":0}},"3":{"start":{"line":4,"column":0},"end":{"line":4,"column":44}},"4":{"start":{"line":5,"column":0},"end":{"line":5,"column":43}},"5":{"start":{"line":6,"column":0},"end":{"line":6,"column":31}},"6":{"start":{"line":7,"column":0},"end":{"line":7,"column":32}},"7":{"start":{"line":8,"column":0},"end":{"line":8,"column":36}},"8":{"start":{"line":9,"column":0},"end":{"line":9,"column":40}},"9":{"start":{"line":10,"column":0},"end":{"line":10,"column":7}},"10":{"start":{"line":11,"column":0},"end":{"line":11,"column":16}},"11":{"start":{"line":12,"column":0},"end":{"line":12,"column":39}},"12":{"start":{"line":13,"column":0},"end":{"line":13,"column":34}},"13":{"start":{"line":14,"column":0},"end":{"line":14,"column":76}},"14":{"start":{"line":15,"column":0},"end":{"line":15,"column":17}},"15":{"start":{"line":16,"column":0},"end":{"line":16,"column":13}},"16":{"start":{"line":17,"column":0},"end":{"line":17,"column":9}},"17":{"start":{"line":18,"column":0},"end":{"line":18,"column":7}},"18":{"start":{"line":19,"column":0},"end":{"line":19,"column":0}},"19":{"start":{"line":20,"column":0},"end":{"line":20,"column":55}},"20":{"start":{"line":21,"column":0},"end":{"line":21,"column":59}},"21":{"start":{"line":22,"column":0},"end":{"line":22,"column":5}},"22":{"start":{"line":23,"column":0},"end":{"line":23,"column":0}},"23":{"start":{"line":24,"column":0},"end":{"line":24,"column":47}},"24":{"start":{"line":25,"column":0},"end":{"line":25,"column":65}},"25":{"start":{"line":26,"column":0},"end":{"line":26,"column":5}},"26":{"start":{"line":27,"column":0},"end":{"line":27,"column":0}},"27":{"start":{"line":28,"column":0},"end":{"line":28,"column":16}},"28":{"start":{"line":29,"column":0},"end":{"line":29,"column":2}}},"s":{"0":1,"1":1,"2":1,"3":1,"4":2,"5":2,"6":2,"7":2,"8":2,"9":2,"10":2,"11":2,"12":7,"13":7,"14":7,"15":7,"16":2,"17":2,"18":2,"19":2,"20":3,"21":3,"22":2,"23":2,"24":3,"25":3,"26":2,"27":2,"28":2},"branchMap":{"0":{"type":"branch","line":4,"loc":{"start":{"line":4,"column":17},"end":{"line":29,"column":2}},"locations":[{"start":{"line":4,"column":17},"end":{"line":29,"column":2}}]},"1":{"type":"branch","line":12,"loc":{"start":{"line":12,"column":24},"end":{"line":16,"column":13}},"locations":[{"start":{"line":12,"column":24},"end":{"line":16,"column":13}}]},"2":{"type":"branch","line":20,"loc":{"start":{"line":20,"column":35},"end":{"line":22,"column":5}},"locations":[{"start":{"line":20,"column":35},"end":{"line":22,"column":5}}]},"3":{"type":"branch","line":24,"loc":{"start":{"line":24,"column":35},"end":{"line":26,"column":5}},"locations":[{"start":{"line":24,"column":35},"end":{"line":26,"column":5}}]}},"b":{"0":[2],"1":[7],"2":[3],"3":[3]},"fnMap":{"0":{"name":"Object.<anonymous>.module.exports","decl":{"start":{"line":4,"column":17},"end":{"line":29,"column":2}},"loc":{"start":{"line":4,"column":17},"end":{"line":29,"column":2}},"line":4},"1":{"name":"beforeSave","decl":{"start":{"line":12,"column":24},"end":{"line":16,"column":13}},"loc":{"start":{"line":12,"column":24},"end":{"line":16,"column":13}},"line":12},"2":{"name":"User.checkPassword","decl":{"start":{"line":20,"column":35},"end":{"line":22,"column":5}},"loc":{"start":{"line":20,"column":35},"end":{"line":22,"column":5}},"line":20},"3":{"name":"User.generateToken","decl":{"start":{"line":24,"column":35},"end":{"line":26,"column":5}},"loc":{"start":{"line":24,"column":35},"end":{"line":26,"column":5}},"line":24}},"f":{"0":2,"1":7,"2":3,"3":3}}
,"/home/wendel/ProjetosNodeJS/AuthTDD/src/app/models/index.js": {"path":"/home/wendel/ProjetosNodeJS/AuthTDD/src/app/models/index.js","all":false,"statementMap":{"0":{"start":{"line":1,"column":0},"end":{"line":1,"column":13}},"1":{"start":{"line":2,"column":0},"end":{"line":2,"column":0}},"2":{"start":{"line":3,"column":0},"end":{"line":3,"column":25}},"3":{"start":{"line":4,"column":0},"end":{"line":4,"column":29}},"4":{"start":{"line":5,"column":0},"end":{"line":5,"column":39}},"5":{"start":{"line":6,"column":0},"end":{"line":6,"column":43}},"6":{"start":{"line":7,"column":0},"end":{"line":7,"column":48}},"7":{"start":{"line":8,"column":0},"end":{"line":8,"column":14}},"8":{"start":{"line":9,"column":0},"end":{"line":9,"column":0}},"9":{"start":{"line":10,"column":0},"end":{"line":10,"column":91}},"10":{"start":{"line":11,"column":0},"end":{"line":11,"column":0}},"11":{"start":{"line":12,"column":0},"end":{"line":12,"column":2}},"12":{"start":{"line":13,"column":0},"end":{"line":13,"column":25}},"13":{"start":{"line":14,"column":0},"end":{"line":14,"column":19}},"14":{"start":{"line":15,"column":0},"end":{"line":15,"column":90}},"15":{"start":{"line":16,"column":0},"end":{"line":16,"column":4}},"16":{"start":{"line":17,"column":0},"end":{"line":17,"column":20}},"17":{"start":{"line":18,"column":0},"end":{"line":18,"column":86}},"18":{"start":{"line":19,"column":0},"end":{"line":19,"column":27}},"19":{"start":{"line":20,"column":0},"end":{"line":20,"column":5}},"20":{"start":{"line":21,"column":0},"end":{"line":21,"column":0}},"21":{"start":{"line":22,"column":0},"end":{"line":22,"column":38}},"22":{"start":{"line":23,"column":0},"end":{"line":23,"column":32}},"23":{"start":{"line":24,"column":0},"end":{"line":24,"column":32}},"24":{"start":{"line":25,"column":0},"end":{"line":25,"column":3}},"25":{"start":{"line":26,"column":0},"end":{"line":26,"column":3}},"26":{"start":{"line":27,"column":0},"end":{"line":27,"column":0}},"27":{"start":{"line":28,"column":0},"end":{"line":28,"column":25}},"28":{"start":{"line":29,"column":0},"end":{"line":29,"column":25}},"29":{"start":{"line":30,"column":0},"end":{"line":30,"column":0}},"30":{"start":{"line":31,"column":0},"end":{"line":31,"column":20}}},"s":{"0":1,"1":1,"2":1,"3":1,"4":1,"5":1,"6":1,"7":1,"8":1,"9":1,"10":1,"11":1,"12":1,"13":1,"14":4,"15":4,"16":1,"17":2,"18":2,"19":2,"20":1,"21":1,"22":2,"23":0,"24":0,"25":2,"26":1,"27":1,"28":1,"29":1,"30":1},"branchMap":{"0":{"type":"branch","line":14,"loc":{"start":{"line":14,"column":10},"end":{"line":16,"column":4}},"locations":[{"start":{"line":14,"column":10},"end":{"line":16,"column":4}}]},"1":{"type":"branch","line":15,"loc":{"start":{"line":15,"column":11},"end":{"line":15,"column":90}},"locations":[{"start":{"line":15,"column":11},"end":{"line":15,"column":90}}]},"2":{"type":"branch","line":17,"loc":{"start":{"line":17,"column":11},"end":{"line":20,"column":5}},"locations":[{"start":{"line":17,"column":11},"end":{"line":20,"column":5}}]},"3":{"type":"branch","line":22,"loc":{"start":{"line":22,"column":24},"end":{"line":26,"column":3}},"locations":[{"start":{"line":22,"column":24},"end":{"line":26,"column":3}}]},"4":{"type":"branch","line":23,"loc":{"start":{"line":23,"column":31},"end":{"line":25,"column":3}},"locations":[{"start":{"line":23,"column":31},"end":{"line":25,"column":3}}]}},"b":{"0":[4],"1":[2],"2":[2],"3":[2],"4":[0]},"fnMap":{},"f":{}}
,"/home/wendel/ProjetosNodeJS/AuthTDD/src/config/database.js": {"path":"/home/wendel/ProjetosNodeJS/AuthTDD/src/config/database.js","all":false,"statementMap":{"0":{"start":{"line":1,"column":0},"end":{"line":1,"column":26}},"1":{"start":{"line":2,"column":0},"end":{"line":2,"column":64}},"2":{"start":{"line":3,"column":0},"end":{"line":3,"column":2}},"3":{"start":{"line":4,"column":0},"end":{"line":4,"column":0}},"4":{"start":{"line":5,"column":0},"end":{"line":5,"column":0}},"5":{"start":{"line":6,"column":0},"end":{"line":6,"column":18}},"6":{"start":{"line":7,"column":0},"end":{"line":7,"column":30}},"7":{"start":{"line":8,"column":0},"end":{"line":8,"column":34}},"8":{"start":{"line":9,"column":0},"end":{"line":9,"column":34}},"9":{"start":{"line":10,"column":0},"end":{"line":10,"column":34}},"10":{"start":{"line":11,"column":0},"end":{"line":11,"column":50}},"11":{"start":{"line":12,"column":0},"end":{"line":12,"column":43}},"12":{"start":{"line":13,"column":0},"end":{"line":13,"column":28}},"13":{"start":{"line":14,"column":0},"end":{"line":14,"column":19}},"14":{"start":{"line":15,"column":0},"end":{"line":15,"column":13}},"15":{"start":{"line":16,"column":0},"end":{"line":16,"column":25}},"16":{"start":{"line":17,"column":0},"end":{"line":17,"column":26}},"17":{"start":{"line":18,"column":0},"end":{"line":18,"column":29}},"18":{"start":{"line":19,"column":0},"end":{"line":19,"column":5}},"19":{"start":{"line":20,"column":0},"end":{"line":20,"column":2}}},"s":{"0":1,"1":1,"2":1,"3":1,"4":1,"5":1,"6":1,"7":1,"8":1,"9":1,"10":1,"11":1,"12":1,"13":1,"14":1,"15":1,"16":1,"17":1,"18":1,"19":1},"branchMap":{"0":{"type":"branch","line":2,"loc":{"start":{"line":2,"column":10},"end":{"line":2,"column":64}},"locations":[{"start":{"line":2,"column":10},"end":{"line":2,"column":64}}]},"1":{"type":"branch","line":11,"loc":{"start":{"line":11,"column":13},"end":{"line":11,"column":50}},"locations":[{"start":{"line":11,"column":13},"end":{"line":11,"column":50}}]}},"b":{"0":[0],"1":[0]},"fnMap":{},"f":{}}
}
